TN:
SF:compareFunction.js
FN:20,(anonymous_0)
FNF:1
FNH:1
FNDA:21,(anonymous_0)
DA:1,1
DA:2,1
DA:21,21
DA:22,1
DA:24,20
DA:25,1
DA:28,19
DA:29,4
DA:30,1
DA:32,3
DA:33,1
DA:35,2
DA:36,1
DA:38,1
DA:41,15
DA:42,4
DA:43,1
DA:45,3
DA:46,1
DA:48,2
DA:49,1
DA:51,1
DA:55,11
DA:56,4
DA:57,1
DA:59,3
DA:60,1
DA:62,2
DA:63,1
DA:65,1
DA:69,7
DA:70,4
DA:71,1
DA:73,3
DA:74,1
DA:76,2
DA:77,1
DA:79,1
DA:83,3
DA:84,1
DA:85,2
DA:86,1
DA:88,1
LF:43
LH:43
BRDA:21,0,0,1
BRDA:21,0,1,20
BRDA:24,1,0,1
BRDA:24,1,1,19
BRDA:28,2,0,4
BRDA:28,2,1,15
BRDA:29,3,0,1
BRDA:29,3,1,3
BRDA:32,4,0,1
BRDA:32,4,1,2
BRDA:35,5,0,1
BRDA:35,5,1,1
BRDA:41,6,0,4
BRDA:41,6,1,11
BRDA:42,7,0,1
BRDA:42,7,1,3
BRDA:45,8,0,1
BRDA:45,8,1,2
BRDA:48,9,0,1
BRDA:48,9,1,1
BRDA:55,10,0,4
BRDA:55,10,1,7
BRDA:56,11,0,1
BRDA:56,11,1,3
BRDA:59,12,0,1
BRDA:59,12,1,2
BRDA:62,13,0,1
BRDA:62,13,1,1
BRDA:69,14,0,4
BRDA:69,14,1,3
BRDA:70,15,0,1
BRDA:70,15,1,3
BRDA:73,16,0,1
BRDA:73,16,1,2
BRDA:76,17,0,1
BRDA:76,17,1,1
BRDA:83,18,0,1
BRDA:83,18,1,2
BRDA:85,19,0,1
BRDA:85,19,1,1
BRF:40
BRH:40
end_of_record
TN:
SF:formatAmount.js
FN:15,formatAmount
FNF:1
FNH:1
FNDA:6,formatAmount
DA:16,6
DA:17,1
DA:19,5
DA:20,1
DA:22,4
DA:23,1
DA:25,3
DA:26,1
DA:28,2
DA:29,1
DA:32,2
DA:35,1
LF:12
LH:12
BRDA:16,0,0,1
BRDA:16,0,1,5
BRDA:19,1,0,1
BRDA:19,1,1,4
BRDA:22,2,0,1
BRDA:22,2,1,3
BRDA:25,3,0,1
BRDA:25,3,1,2
BRDA:28,4,0,1
BRDA:28,4,1,1
BRF:10
BRH:10
end_of_record
